{
  "stats": {
    "suites": 1,
    "tests": 3,
    "passes": 3,
    "pending": 0,
    "failures": 0,
    "start": "2025-03-17T17:56:04.877Z",
    "end": "2025-03-17T17:56:20.226Z",
    "duration": 15349,
    "testsRegistered": 3,
    "passPercent": 100,
    "pendingPercent": 0,
    "other": 0,
    "hasOther": false,
    "skipped": 0,
    "hasSkipped": false
  },
  "results": [
    {
      "uuid": "91eea032-0ad2-4879-ac8d-7a01f5abb11e",
      "title": "",
      "fullFile": "cypress/e2e/FE/DemoWeb.cy.js",
      "file": "cypress/e2e/FE/DemoWeb.cy.js",
      "beforeHooks": [],
      "afterHooks": [],
      "tests": [],
      "suites": [
        {
          "uuid": "4f5874bf-8679-493a-a515-97b10dbe32d8",
          "title": "Demo Cypress",
          "fullFile": "",
          "file": "",
          "beforeHooks": [],
          "afterHooks": [],
          "tests": [
            {
              "title": "Fluxo Principal",
              "fullTitle": "Demo Cypress Fluxo Principal",
              "timedOut": null,
              "duration": 5374,
              "state": "passed",
              "speed": "medium",
              "pass": true,
              "fail": false,
              "pending": false,
              "context": "[\n  {\n    \"title\": \"cypress-mochawesome-reporter-screenshots\",\n    \"value\": [\n      [\n        \"/FE/DemoWeb.cy.js/Demo Cypress -- Fluxo Principal.png\"\n      ]\n    ]\n  },\n  \"Mensagem de Teste\"\n]",
              "code": "cy.visit('https://form.jotform.com/231692676005660');\ncy.get('input[id=\"first_20\"]').type('rafael');\ncy.get('input[id=\"last_20\"]').type('Suzano');\ncy.get('input[id=\"input_19_full\"]').type('(111) 111-1111');\ncy.get('input[id=\"input_23\"]').type('rafaelsuzano@hotmail.com');\ncy.get('input[id=\"input_21_addr_line1\"]').type('a');\ncy.get('input[id=\"input_21_addr_line2\"]').type('a');\ncy.get('input[id=\"input_21_city\"]').type('a');\ncy.get('input[id=\"input_21_state\"]').type('a');\ncy.get('input[id=\"input_21_postal\"]').type('111111111');\ncy.get('#input_2').click();\ncy.get('*[class^=\"thankyou-sub-text ty-text\"]').should('be.visible');\ncy.contains('Thank You!');\ncy.addTestContext('Mensagem de Teste');\ncy.screenshot();",
              "err": {},
              "uuid": "03273cb9-861a-44c5-8972-aee3f3e36e77",
              "parentUUID": "4f5874bf-8679-493a-a515-97b10dbe32d8",
              "isHook": false,
              "skipped": false
            },
            {
              "title": "Campo Obrigatório Email",
              "fullTitle": "Demo Cypress Campo Obrigatório Email",
              "timedOut": null,
              "duration": 3930,
              "state": "passed",
              "speed": "fast",
              "pass": true,
              "fail": false,
              "pending": false,
              "context": "{\n  \"title\": \"cypress-mochawesome-reporter-screenshots\",\n  \"value\": [\n    [\n      \"/FE/DemoWeb.cy.js/Demo Cypress -- Campo Obrigatório Email.png\"\n    ]\n  ]\n}",
              "code": "cy.visit('https://form.jotform.com/231692676005660');\ncy.get('input[id=\"first_20\"]').type('rafael');\ncy.get('input[id=\"last_20\"]').type('Suzano');\ncy.get('input[id=\"input_19_full\"]').type('(111) 111-1111');\n//cy.get('input[id=\"input_23\"]').type('rafaelsuzano@hotmail.com')\ncy.get('input[id=\"input_21_addr_line1\"]').type('a');\ncy.get('input[id=\"input_21_addr_line2\"]').type('a');\ncy.get('input[id=\"input_21_city\"]').type('a');\ncy.get('input[id=\"input_21_state\"]').type('a');\ncy.get('input[id=\"input_21_postal\"]').type('111111111');\ncy.get('#input_2').click();\ncy.get('*[class^=\"form-line jf-required form-line-error\"]').should('be.visible');\ncy.contains('This field is require');\ncy.get('*[class^=\"error-navigation-message\"]').should('be.visible');\ncy.contains('This field is require');\ncy.screenshot();",
              "err": {},
              "uuid": "e4f21f75-bd4f-45f3-98c5-52ece6e41c1a",
              "parentUUID": "4f5874bf-8679-493a-a515-97b10dbe32d8",
              "isHook": false,
              "skipped": false
            },
            {
              "title": "Campo Obrigatório nome",
              "fullTitle": "Demo Cypress Campo Obrigatório nome",
              "timedOut": null,
              "duration": 4573,
              "state": "passed",
              "speed": "fast",
              "pass": true,
              "fail": false,
              "pending": false,
              "context": "{\n  \"title\": \"cypress-mochawesome-reporter-screenshots\",\n  \"value\": [\n    [\n      \"/FE/DemoWeb.cy.js/Demo Cypress -- Campo Obrigatório nome.png\"\n    ]\n  ]\n}",
              "code": "cy.visit('https://form.jotform.com/231692676005660');\n// cy.get('input[id=\"first_20\"]').type('rafael')\ncy.get('input[id=\"last_20\"]').type('Suzano');\ncy.get('input[id=\"input_19_full\"]').type('(111) 111-1111');\ncy.get('input[id=\"input_23\"]').type('rafaelsuzano@hotmail.com');\ncy.get('input[id=\"input_21_addr_line1\"]').type('a');\ncy.get('input[id=\"input_21_addr_line2\"]').type('a');\ncy.get('input[id=\"input_21_city\"]').type('a');\ncy.get('input[id=\"input_21_state\"]').type('a');\ncy.get('input[id=\"input_21_postal\"]').type('111111111');\ncy.get('#input_2').click();\ncy.get('*[class^=\"form-line jf-required form-line-error\"]').should('be.visible');\ncy.contains('This field is require');\ncy.screenshot();",
              "err": {},
              "uuid": "cfcd842c-6e99-4f6a-a72c-a2daf944be1d",
              "parentUUID": "4f5874bf-8679-493a-a515-97b10dbe32d8",
              "isHook": false,
              "skipped": false
            }
          ],
          "suites": [],
          "passes": [
            "03273cb9-861a-44c5-8972-aee3f3e36e77",
            "e4f21f75-bd4f-45f3-98c5-52ece6e41c1a",
            "cfcd842c-6e99-4f6a-a72c-a2daf944be1d"
          ],
          "failures": [],
          "pending": [],
          "skipped": [],
          "duration": 13877,
          "root": false,
          "rootEmpty": false,
          "_timeout": 2000
        }
      ],
      "passes": [],
      "failures": [],
      "pending": [],
      "skipped": [],
      "duration": 0,
      "root": true,
      "rootEmpty": true,
      "_timeout": 2000
    }
  ],
  "meta": {
    "mocha": {
      "version": "7.0.1"
    },
    "mochawesome": {
      "options": {
        "quiet": false,
        "reportFilename": "mochawesome",
        "saveHtml": false,
        "saveJson": true,
        "consoleReporter": "spec",
        "useInlineDiffs": false,
        "code": true
      },
      "version": "7.1.3"
    },
    "marge": {
      "options": {
        "reportDir": "cypress/reports",
        "overwrite": false,
        "html": false,
        "json": true
      },
      "version": "6.2.0"
    }
  }
}