{
  "stats": {
    "suites": 12,
    "tests": 24,
    "passes": 24,
    "pending": 0,
    "failures": 0,
    "testsRegistered": 24,
    "passPercent": 100,
    "pendingPercent": 0,
    "other": 0,
    "hasOther": false,
    "skipped": 0,
    "hasSkipped": false,
    "start": "2025-03-17T17:55:29.439Z",
    "end": "2025-03-18T23:28:57.703Z",
    "duration": 106408264
  },
  "results": [
    {
      "uuid": "e0d54dae-bad8-4bcb-8305-1f6b20eecf39",
      "title": "",
      "fullFile": "cypress/e2e/BE/DemoApi.cy.js",
      "file": "cypress/e2e/BE/DemoApi.cy.js",
      "beforeHooks": [],
      "afterHooks": [],
      "tests": [],
      "suites": [
        {
          "uuid": "c19bae69-fc6e-4392-a929-f37b6426644e",
          "title": "Demo API",
          "fullFile": "",
          "file": "",
          "beforeHooks": [],
          "afterHooks": [],
          "tests": [
            {
              "title": "API",
              "fullTitle": "Demo API API",
              "timedOut": null,
              "duration": 205,
              "state": "passed",
              "speed": "fast",
              "pass": true,
              "fail": false,
              "pending": false,
              "context": null,
              "code": "cy.api({\n  url: 'https://jsonplaceholder.typicode.com/todos/1'\n}).then(Response => {\n  expect(Response.status).to.eq(200);\n  cy.log(JSON.stringify(Response.body));\n});",
              "err": {},
              "uuid": "147704cc-99b0-4ca9-8723-ab76f6b2242f",
              "parentUUID": "c19bae69-fc6e-4392-a929-f37b6426644e",
              "isHook": false,
              "skipped": false
            }
          ],
          "suites": [],
          "passes": [
            "147704cc-99b0-4ca9-8723-ab76f6b2242f"
          ],
          "failures": [],
          "pending": [],
          "skipped": [],
          "duration": 205,
          "root": false,
          "rootEmpty": false,
          "_timeout": 2000
        }
      ],
      "passes": [],
      "failures": [],
      "pending": [],
      "skipped": [],
      "duration": 0,
      "root": true,
      "rootEmpty": true,
      "_timeout": 2000
    },
    {
      "uuid": "cbbfea32-cf0c-4254-b4ad-c52341e546d9",
      "title": "",
      "fullFile": "cypress/e2e/FE/DemoWeb.cy.js",
      "file": "cypress/e2e/FE/DemoWeb.cy.js",
      "beforeHooks": [],
      "afterHooks": [],
      "tests": [],
      "suites": [
        {
          "uuid": "d4d6b238-ff1c-4764-a1e0-4639c1947436",
          "title": "Demo Cypress",
          "fullFile": "",
          "file": "",
          "beforeHooks": [],
          "afterHooks": [],
          "tests": [
            {
              "title": "Fluxo Principal",
              "fullTitle": "Demo Cypress Fluxo Principal",
              "timedOut": null,
              "duration": 5274,
              "state": "passed",
              "speed": "medium",
              "pass": true,
              "fail": false,
              "pending": false,
              "context": "[\n  {\n    \"title\": \"cypress-mochawesome-reporter-screenshots\",\n    \"value\": [\n      [\n        \"/FE/DemoWeb.cy.js/Demo Cypress -- Fluxo Principal.png\"\n      ]\n    ]\n  },\n  \"Mensagem de Teste\"\n]",
              "code": "cy.visit('https://form.jotform.com/231692676005660');\ncy.get('input[id=\"first_20\"]').type('rafael');\ncy.get('input[id=\"last_20\"]').type('Suzano');\ncy.get('input[id=\"input_19_full\"]').type('(111) 111-1111');\ncy.get('input[id=\"input_23\"]').type('rafaelsuzano@hotmail.com');\ncy.get('input[id=\"input_21_addr_line1\"]').type('a');\ncy.get('input[id=\"input_21_addr_line2\"]').type('a');\ncy.get('input[id=\"input_21_city\"]').type('a');\ncy.get('input[id=\"input_21_state\"]').type('a');\ncy.get('input[id=\"input_21_postal\"]').type('111111111');\ncy.get('#input_2').click();\ncy.get('*[class^=\"thankyou-sub-text ty-text\"]').should('be.visible');\ncy.contains('Thank You!');\ncy.addTestContext('Mensagem de Teste');\ncy.screenshot();",
              "err": {},
              "uuid": "54ff6188-2958-49a1-9651-dd215f08cfc6",
              "parentUUID": "d4d6b238-ff1c-4764-a1e0-4639c1947436",
              "isHook": false,
              "skipped": false
            },
            {
              "title": "Campo Obrigatório Email",
              "fullTitle": "Demo Cypress Campo Obrigatório Email",
              "timedOut": null,
              "duration": 3968,
              "state": "passed",
              "speed": "fast",
              "pass": true,
              "fail": false,
              "pending": false,
              "context": "{\n  \"title\": \"cypress-mochawesome-reporter-screenshots\",\n  \"value\": [\n    [\n      \"/FE/DemoWeb.cy.js/Demo Cypress -- Campo Obrigatório Email.png\"\n    ]\n  ]\n}",
              "code": "cy.visit('https://form.jotform.com/231692676005660');\ncy.get('input[id=\"first_20\"]').type('rafael');\ncy.get('input[id=\"last_20\"]').type('Suzano');\ncy.get('input[id=\"input_19_full\"]').type('(111) 111-1111');\n//cy.get('input[id=\"input_23\"]').type('rafaelsuzano@hotmail.com')\ncy.get('input[id=\"input_21_addr_line1\"]').type('a');\ncy.get('input[id=\"input_21_addr_line2\"]').type('a');\ncy.get('input[id=\"input_21_city\"]').type('a');\ncy.get('input[id=\"input_21_state\"]').type('a');\ncy.get('input[id=\"input_21_postal\"]').type('111111111');\ncy.get('#input_2').click();\ncy.get('*[class^=\"form-line jf-required form-line-error\"]').should('be.visible');\ncy.contains('This field is require');\ncy.get('*[class^=\"error-navigation-message\"]').should('be.visible');\ncy.contains('This field is require');\ncy.screenshot();",
              "err": {},
              "uuid": "045098df-4a73-4467-b406-ac2453ff31a2",
              "parentUUID": "d4d6b238-ff1c-4764-a1e0-4639c1947436",
              "isHook": false,
              "skipped": false
            },
            {
              "title": "Campo Obrigatório nome",
              "fullTitle": "Demo Cypress Campo Obrigatório nome",
              "timedOut": null,
              "duration": 4173,
              "state": "passed",
              "speed": "fast",
              "pass": true,
              "fail": false,
              "pending": false,
              "context": "{\n  \"title\": \"cypress-mochawesome-reporter-screenshots\",\n  \"value\": [\n    [\n      \"/FE/DemoWeb.cy.js/Demo Cypress -- Campo Obrigatório nome.png\"\n    ]\n  ]\n}",
              "code": "cy.visit('https://form.jotform.com/231692676005660');\n// cy.get('input[id=\"first_20\"]').type('rafael')\ncy.get('input[id=\"last_20\"]').type('Suzano');\ncy.get('input[id=\"input_19_full\"]').type('(111) 111-1111');\ncy.get('input[id=\"input_23\"]').type('rafaelsuzano@hotmail.com');\ncy.get('input[id=\"input_21_addr_line1\"]').type('a');\ncy.get('input[id=\"input_21_addr_line2\"]').type('a');\ncy.get('input[id=\"input_21_city\"]').type('a');\ncy.get('input[id=\"input_21_state\"]').type('a');\ncy.get('input[id=\"input_21_postal\"]').type('111111111');\ncy.get('#input_2').click();\ncy.get('*[class^=\"form-line jf-required form-line-error\"]').should('be.visible');\ncy.contains('This field is require');\ncy.screenshot();",
              "err": {},
              "uuid": "dec59d21-88e3-4e8c-9e82-a9b621622d83",
              "parentUUID": "d4d6b238-ff1c-4764-a1e0-4639c1947436",
              "isHook": false,
              "skipped": false
            }
          ],
          "suites": [],
          "passes": [
            "54ff6188-2958-49a1-9651-dd215f08cfc6",
            "045098df-4a73-4467-b406-ac2453ff31a2",
            "dec59d21-88e3-4e8c-9e82-a9b621622d83"
          ],
          "failures": [],
          "pending": [],
          "skipped": [],
          "duration": 13415,
          "root": false,
          "rootEmpty": false,
          "_timeout": 2000
        }
      ],
      "passes": [],
      "failures": [],
      "pending": [],
      "skipped": [],
      "duration": 0,
      "root": true,
      "rootEmpty": true,
      "_timeout": 2000
    },
    {
      "uuid": "fec4eec5-c552-45c5-99a4-35fe15114dc1",
      "title": "",
      "fullFile": "cypress/e2e/BE/DemoApi.cy.js",
      "file": "cypress/e2e/BE/DemoApi.cy.js",
      "beforeHooks": [],
      "afterHooks": [],
      "tests": [],
      "suites": [
        {
          "uuid": "e493890f-8af8-4a17-b38a-c67eca5c8cf1",
          "title": "Demo API",
          "fullFile": "",
          "file": "",
          "beforeHooks": [],
          "afterHooks": [],
          "tests": [
            {
              "title": "API",
              "fullTitle": "Demo API API",
              "timedOut": null,
              "duration": 179,
              "state": "passed",
              "speed": "fast",
              "pass": true,
              "fail": false,
              "pending": false,
              "context": null,
              "code": "cy.api({\n  url: 'https://jsonplaceholder.typicode.com/todos/1'\n}).then(Response => {\n  expect(Response.status).to.eq(200);\n  cy.log(JSON.stringify(Response.body));\n});",
              "err": {},
              "uuid": "1ed036d3-4c3a-44a0-922f-9db2e79b2ec3",
              "parentUUID": "e493890f-8af8-4a17-b38a-c67eca5c8cf1",
              "isHook": false,
              "skipped": false
            }
          ],
          "suites": [],
          "passes": [
            "1ed036d3-4c3a-44a0-922f-9db2e79b2ec3"
          ],
          "failures": [],
          "pending": [],
          "skipped": [],
          "duration": 179,
          "root": false,
          "rootEmpty": false,
          "_timeout": 2000
        }
      ],
      "passes": [],
      "failures": [],
      "pending": [],
      "skipped": [],
      "duration": 0,
      "root": true,
      "rootEmpty": true,
      "_timeout": 2000
    },
    {
      "uuid": "91eea032-0ad2-4879-ac8d-7a01f5abb11e",
      "title": "",
      "fullFile": "cypress/e2e/FE/DemoWeb.cy.js",
      "file": "cypress/e2e/FE/DemoWeb.cy.js",
      "beforeHooks": [],
      "afterHooks": [],
      "tests": [],
      "suites": [
        {
          "uuid": "4f5874bf-8679-493a-a515-97b10dbe32d8",
          "title": "Demo Cypress",
          "fullFile": "",
          "file": "",
          "beforeHooks": [],
          "afterHooks": [],
          "tests": [
            {
              "title": "Fluxo Principal",
              "fullTitle": "Demo Cypress Fluxo Principal",
              "timedOut": null,
              "duration": 5374,
              "state": "passed",
              "speed": "medium",
              "pass": true,
              "fail": false,
              "pending": false,
              "context": "[\n  {\n    \"title\": \"cypress-mochawesome-reporter-screenshots\",\n    \"value\": [\n      [\n        \"/FE/DemoWeb.cy.js/Demo Cypress -- Fluxo Principal.png\"\n      ]\n    ]\n  },\n  \"Mensagem de Teste\"\n]",
              "code": "cy.visit('https://form.jotform.com/231692676005660');\ncy.get('input[id=\"first_20\"]').type('rafael');\ncy.get('input[id=\"last_20\"]').type('Suzano');\ncy.get('input[id=\"input_19_full\"]').type('(111) 111-1111');\ncy.get('input[id=\"input_23\"]').type('rafaelsuzano@hotmail.com');\ncy.get('input[id=\"input_21_addr_line1\"]').type('a');\ncy.get('input[id=\"input_21_addr_line2\"]').type('a');\ncy.get('input[id=\"input_21_city\"]').type('a');\ncy.get('input[id=\"input_21_state\"]').type('a');\ncy.get('input[id=\"input_21_postal\"]').type('111111111');\ncy.get('#input_2').click();\ncy.get('*[class^=\"thankyou-sub-text ty-text\"]').should('be.visible');\ncy.contains('Thank You!');\ncy.addTestContext('Mensagem de Teste');\ncy.screenshot();",
              "err": {},
              "uuid": "03273cb9-861a-44c5-8972-aee3f3e36e77",
              "parentUUID": "4f5874bf-8679-493a-a515-97b10dbe32d8",
              "isHook": false,
              "skipped": false
            },
            {
              "title": "Campo Obrigatório Email",
              "fullTitle": "Demo Cypress Campo Obrigatório Email",
              "timedOut": null,
              "duration": 3930,
              "state": "passed",
              "speed": "fast",
              "pass": true,
              "fail": false,
              "pending": false,
              "context": "{\n  \"title\": \"cypress-mochawesome-reporter-screenshots\",\n  \"value\": [\n    [\n      \"/FE/DemoWeb.cy.js/Demo Cypress -- Campo Obrigatório Email.png\"\n    ]\n  ]\n}",
              "code": "cy.visit('https://form.jotform.com/231692676005660');\ncy.get('input[id=\"first_20\"]').type('rafael');\ncy.get('input[id=\"last_20\"]').type('Suzano');\ncy.get('input[id=\"input_19_full\"]').type('(111) 111-1111');\n//cy.get('input[id=\"input_23\"]').type('rafaelsuzano@hotmail.com')\ncy.get('input[id=\"input_21_addr_line1\"]').type('a');\ncy.get('input[id=\"input_21_addr_line2\"]').type('a');\ncy.get('input[id=\"input_21_city\"]').type('a');\ncy.get('input[id=\"input_21_state\"]').type('a');\ncy.get('input[id=\"input_21_postal\"]').type('111111111');\ncy.get('#input_2').click();\ncy.get('*[class^=\"form-line jf-required form-line-error\"]').should('be.visible');\ncy.contains('This field is require');\ncy.get('*[class^=\"error-navigation-message\"]').should('be.visible');\ncy.contains('This field is require');\ncy.screenshot();",
              "err": {},
              "uuid": "e4f21f75-bd4f-45f3-98c5-52ece6e41c1a",
              "parentUUID": "4f5874bf-8679-493a-a515-97b10dbe32d8",
              "isHook": false,
              "skipped": false
            },
            {
              "title": "Campo Obrigatório nome",
              "fullTitle": "Demo Cypress Campo Obrigatório nome",
              "timedOut": null,
              "duration": 4573,
              "state": "passed",
              "speed": "fast",
              "pass": true,
              "fail": false,
              "pending": false,
              "context": "{\n  \"title\": \"cypress-mochawesome-reporter-screenshots\",\n  \"value\": [\n    [\n      \"/FE/DemoWeb.cy.js/Demo Cypress -- Campo Obrigatório nome.png\"\n    ]\n  ]\n}",
              "code": "cy.visit('https://form.jotform.com/231692676005660');\n// cy.get('input[id=\"first_20\"]').type('rafael')\ncy.get('input[id=\"last_20\"]').type('Suzano');\ncy.get('input[id=\"input_19_full\"]').type('(111) 111-1111');\ncy.get('input[id=\"input_23\"]').type('rafaelsuzano@hotmail.com');\ncy.get('input[id=\"input_21_addr_line1\"]').type('a');\ncy.get('input[id=\"input_21_addr_line2\"]').type('a');\ncy.get('input[id=\"input_21_city\"]').type('a');\ncy.get('input[id=\"input_21_state\"]').type('a');\ncy.get('input[id=\"input_21_postal\"]').type('111111111');\ncy.get('#input_2').click();\ncy.get('*[class^=\"form-line jf-required form-line-error\"]').should('be.visible');\ncy.contains('This field is require');\ncy.screenshot();",
              "err": {},
              "uuid": "cfcd842c-6e99-4f6a-a72c-a2daf944be1d",
              "parentUUID": "4f5874bf-8679-493a-a515-97b10dbe32d8",
              "isHook": false,
              "skipped": false
            }
          ],
          "suites": [],
          "passes": [
            "03273cb9-861a-44c5-8972-aee3f3e36e77",
            "e4f21f75-bd4f-45f3-98c5-52ece6e41c1a",
            "cfcd842c-6e99-4f6a-a72c-a2daf944be1d"
          ],
          "failures": [],
          "pending": [],
          "skipped": [],
          "duration": 13877,
          "root": false,
          "rootEmpty": false,
          "_timeout": 2000
        }
      ],
      "passes": [],
      "failures": [],
      "pending": [],
      "skipped": [],
      "duration": 0,
      "root": true,
      "rootEmpty": true,
      "_timeout": 2000
    },
    {
      "uuid": "28c98e56-e104-4bc4-801e-a55a61bc33a0",
      "title": "",
      "fullFile": "cypress/e2e/BE/DemoApi.cy.js",
      "file": "cypress/e2e/BE/DemoApi.cy.js",
      "beforeHooks": [],
      "afterHooks": [],
      "tests": [],
      "suites": [
        {
          "uuid": "37cac156-eb06-4e8e-83e2-a6617a642180",
          "title": "Demo API",
          "fullFile": "",
          "file": "",
          "beforeHooks": [],
          "afterHooks": [],
          "tests": [
            {
              "title": "API",
              "fullTitle": "Demo API API",
              "timedOut": null,
              "duration": 231,
              "state": "passed",
              "speed": "fast",
              "pass": true,
              "fail": false,
              "pending": false,
              "context": null,
              "code": "cy.api({\n  url: 'https://jsonplaceholder.typicode.com/todos/1'\n}).then(Response => {\n  expect(Response.status).to.eq(200);\n  cy.log(JSON.stringify(Response.body));\n});",
              "err": {},
              "uuid": "4e063ff1-1021-4d5d-a928-e5355926f8fb",
              "parentUUID": "37cac156-eb06-4e8e-83e2-a6617a642180",
              "isHook": false,
              "skipped": false
            }
          ],
          "suites": [],
          "passes": [
            "4e063ff1-1021-4d5d-a928-e5355926f8fb"
          ],
          "failures": [],
          "pending": [],
          "skipped": [],
          "duration": 231,
          "root": false,
          "rootEmpty": false,
          "_timeout": 2000
        }
      ],
      "passes": [],
      "failures": [],
      "pending": [],
      "skipped": [],
      "duration": 0,
      "root": true,
      "rootEmpty": true,
      "_timeout": 2000
    },
    {
      "uuid": "e4b1ac20-8b36-46af-8133-ca841714a12f",
      "title": "",
      "fullFile": "cypress/e2e/FE/DemoWeb.cy.js",
      "file": "cypress/e2e/FE/DemoWeb.cy.js",
      "beforeHooks": [],
      "afterHooks": [],
      "tests": [],
      "suites": [
        {
          "uuid": "45d85b52-02ae-42e9-bbd2-0a4141aa2065",
          "title": "Demo Cypress",
          "fullFile": "",
          "file": "",
          "beforeHooks": [],
          "afterHooks": [],
          "tests": [
            {
              "title": "Fluxo Principal",
              "fullTitle": "Demo Cypress Fluxo Principal",
              "timedOut": null,
              "duration": 5386,
              "state": "passed",
              "speed": "medium",
              "pass": true,
              "fail": false,
              "pending": false,
              "context": "[\n  {\n    \"title\": \"cypress-mochawesome-reporter-screenshots\",\n    \"value\": [\n      [\n        \"/FE/DemoWeb.cy.js/Demo Cypress -- Fluxo Principal.png\"\n      ]\n    ]\n  },\n  \"Mensagem de Teste\"\n]",
              "code": "cy.visit('https://form.jotform.com/231692676005660');\ncy.get('input[id=\"first_20\"]').type('rafael');\ncy.get('input[id=\"last_20\"]').type('Suzano');\ncy.get('input[id=\"input_19_full\"]').type('(111) 111-1111');\ncy.get('input[id=\"input_23\"]').type('rafaelsuzano@hotmail.com');\ncy.get('input[id=\"input_21_addr_line1\"]').type('a');\ncy.get('input[id=\"input_21_addr_line2\"]').type('a');\ncy.get('input[id=\"input_21_city\"]').type('a');\ncy.get('input[id=\"input_21_state\"]').type('a');\ncy.get('input[id=\"input_21_postal\"]').type('111111111');\ncy.get('#input_2').click();\ncy.get('*[class^=\"thankyou-sub-text ty-text\"]').should('be.visible');\ncy.contains('Thank You!');\ncy.addTestContext('Mensagem de Teste');\ncy.screenshot();",
              "err": {},
              "uuid": "290f62d5-223e-433a-a276-c80b3096528e",
              "parentUUID": "45d85b52-02ae-42e9-bbd2-0a4141aa2065",
              "isHook": false,
              "skipped": false
            },
            {
              "title": "Campo Obrigatório Email",
              "fullTitle": "Demo Cypress Campo Obrigatório Email",
              "timedOut": null,
              "duration": 4190,
              "state": "passed",
              "speed": "fast",
              "pass": true,
              "fail": false,
              "pending": false,
              "context": "{\n  \"title\": \"cypress-mochawesome-reporter-screenshots\",\n  \"value\": [\n    [\n      \"/FE/DemoWeb.cy.js/Demo Cypress -- Campo Obrigatório Email.png\"\n    ]\n  ]\n}",
              "code": "cy.visit('https://form.jotform.com/231692676005660');\ncy.get('input[id=\"first_20\"]').type('rafael');\ncy.get('input[id=\"last_20\"]').type('Suzano');\ncy.get('input[id=\"input_19_full\"]').type('(111) 111-1111');\n//cy.get('input[id=\"input_23\"]').type('rafaelsuzano@hotmail.com')\ncy.get('input[id=\"input_21_addr_line1\"]').type('a');\ncy.get('input[id=\"input_21_addr_line2\"]').type('a');\ncy.get('input[id=\"input_21_city\"]').type('a');\ncy.get('input[id=\"input_21_state\"]').type('a');\ncy.get('input[id=\"input_21_postal\"]').type('111111111');\ncy.get('#input_2').click();\ncy.get('*[class^=\"form-line jf-required form-line-error\"]').should('be.visible');\ncy.contains('This field is require');\ncy.get('*[class^=\"error-navigation-message\"]').should('be.visible');\ncy.contains('This field is require');\ncy.screenshot();",
              "err": {},
              "uuid": "86febe40-a282-4f7b-a052-34bfe2316991",
              "parentUUID": "45d85b52-02ae-42e9-bbd2-0a4141aa2065",
              "isHook": false,
              "skipped": false
            },
            {
              "title": "Campo Obrigatório nome",
              "fullTitle": "Demo Cypress Campo Obrigatório nome",
              "timedOut": null,
              "duration": 4366,
              "state": "passed",
              "speed": "fast",
              "pass": true,
              "fail": false,
              "pending": false,
              "context": "{\n  \"title\": \"cypress-mochawesome-reporter-screenshots\",\n  \"value\": [\n    [\n      \"/FE/DemoWeb.cy.js/Demo Cypress -- Campo Obrigatório nome.png\"\n    ]\n  ]\n}",
              "code": "cy.visit('https://form.jotform.com/231692676005660');\n// cy.get('input[id=\"first_20\"]').type('rafael')\ncy.get('input[id=\"last_20\"]').type('Suzano');\ncy.get('input[id=\"input_19_full\"]').type('(111) 111-1111');\ncy.get('input[id=\"input_23\"]').type('rafaelsuzano@hotmail.com');\ncy.get('input[id=\"input_21_addr_line1\"]').type('a');\ncy.get('input[id=\"input_21_addr_line2\"]').type('a');\ncy.get('input[id=\"input_21_city\"]').type('a');\ncy.get('input[id=\"input_21_state\"]').type('a');\ncy.get('input[id=\"input_21_postal\"]').type('111111111');\ncy.get('#input_2').click();\ncy.get('*[class^=\"form-line jf-required form-line-error\"]').should('be.visible');\ncy.contains('This field is require');\ncy.screenshot();",
              "err": {},
              "uuid": "0f429d42-1314-4b95-a7c8-3d78f5c35bdb",
              "parentUUID": "45d85b52-02ae-42e9-bbd2-0a4141aa2065",
              "isHook": false,
              "skipped": false
            }
          ],
          "suites": [],
          "passes": [
            "290f62d5-223e-433a-a276-c80b3096528e",
            "86febe40-a282-4f7b-a052-34bfe2316991",
            "0f429d42-1314-4b95-a7c8-3d78f5c35bdb"
          ],
          "failures": [],
          "pending": [],
          "skipped": [],
          "duration": 13942,
          "root": false,
          "rootEmpty": false,
          "_timeout": 2000
        }
      ],
      "passes": [],
      "failures": [],
      "pending": [],
      "skipped": [],
      "duration": 0,
      "root": true,
      "rootEmpty": true,
      "_timeout": 2000
    },
    {
      "uuid": "900caec4-575d-4246-ba06-4373dce7c783",
      "title": "",
      "fullFile": "cypress/e2e/BE/DemoApi.cy.js",
      "file": "cypress/e2e/BE/DemoApi.cy.js",
      "beforeHooks": [],
      "afterHooks": [],
      "tests": [],
      "suites": [
        {
          "uuid": "41a3a864-83d2-46e9-b613-a70f798725bd",
          "title": "Demo API",
          "fullFile": "",
          "file": "",
          "beforeHooks": [],
          "afterHooks": [],
          "tests": [
            {
              "title": "API",
              "fullTitle": "Demo API API",
              "timedOut": null,
              "duration": 155,
              "state": "passed",
              "speed": "fast",
              "pass": true,
              "fail": false,
              "pending": false,
              "context": null,
              "code": "cy.api({\n  url: 'https://jsonplaceholder.typicode.com/todos/1'\n}).then(Response => {\n  expect(Response.status).to.eq(200);\n  cy.log(JSON.stringify(Response.body));\n});",
              "err": {},
              "uuid": "cad0b60f-e64b-440a-b3cc-8e3b050001fb",
              "parentUUID": "41a3a864-83d2-46e9-b613-a70f798725bd",
              "isHook": false,
              "skipped": false
            }
          ],
          "suites": [],
          "passes": [
            "cad0b60f-e64b-440a-b3cc-8e3b050001fb"
          ],
          "failures": [],
          "pending": [],
          "skipped": [],
          "duration": 155,
          "root": false,
          "rootEmpty": false,
          "_timeout": 2000
        }
      ],
      "passes": [],
      "failures": [],
      "pending": [],
      "skipped": [],
      "duration": 0,
      "root": true,
      "rootEmpty": true,
      "_timeout": 2000
    },
    {
      "uuid": "c7e9dcc1-edd6-4c5f-bda7-70cc71597a68",
      "title": "",
      "fullFile": "cypress/e2e/FE/DemoWeb.cy.js",
      "file": "cypress/e2e/FE/DemoWeb.cy.js",
      "beforeHooks": [],
      "afterHooks": [],
      "tests": [],
      "suites": [
        {
          "uuid": "0e8a6b17-8314-4ad7-bfdc-0237f22e6580",
          "title": "Demo Cypress",
          "fullFile": "",
          "file": "",
          "beforeHooks": [],
          "afterHooks": [],
          "tests": [
            {
              "title": "Fluxo Principal",
              "fullTitle": "Demo Cypress Fluxo Principal",
              "timedOut": null,
              "duration": 5229,
              "state": "passed",
              "speed": "medium",
              "pass": true,
              "fail": false,
              "pending": false,
              "context": "[\n  {\n    \"title\": \"cypress-mochawesome-reporter-screenshots\",\n    \"value\": [\n      [\n        \"/FE/DemoWeb.cy.js/Demo Cypress -- Fluxo Principal.png\"\n      ]\n    ]\n  },\n  \"Mensagem de Teste\"\n]",
              "code": "cy.visit('https://form.jotform.com/231692676005660');\ncy.get('input[id=\"first_20\"]').type('rafael');\ncy.get('input[id=\"last_20\"]').type('Suzano');\ncy.get('input[id=\"input_19_full\"]').type('(111) 111-1111');\ncy.get('input[id=\"input_23\"]').type('rafaelsuzano@hotmail.com');\ncy.get('input[id=\"input_21_addr_line1\"]').type('a');\ncy.get('input[id=\"input_21_addr_line2\"]').type('a');\ncy.get('input[id=\"input_21_city\"]').type('a');\ncy.get('input[id=\"input_21_state\"]').type('a');\ncy.get('input[id=\"input_21_postal\"]').type('111111111');\ncy.get('#input_2').click();\ncy.get('*[class^=\"thankyou-sub-text ty-text\"]').should('be.visible');\ncy.contains('Thank You!');\ncy.addTestContext('Mensagem de Teste');\ncy.screenshot();",
              "err": {},
              "uuid": "e4a8d469-d005-4283-bc2d-8bf1d4905b9c",
              "parentUUID": "0e8a6b17-8314-4ad7-bfdc-0237f22e6580",
              "isHook": false,
              "skipped": false
            },
            {
              "title": "Campo Obrigatório Email",
              "fullTitle": "Demo Cypress Campo Obrigatório Email",
              "timedOut": null,
              "duration": 3940,
              "state": "passed",
              "speed": "fast",
              "pass": true,
              "fail": false,
              "pending": false,
              "context": "{\n  \"title\": \"cypress-mochawesome-reporter-screenshots\",\n  \"value\": [\n    [\n      \"/FE/DemoWeb.cy.js/Demo Cypress -- Campo Obrigatório Email.png\"\n    ]\n  ]\n}",
              "code": "cy.visit('https://form.jotform.com/231692676005660');\ncy.get('input[id=\"first_20\"]').type('rafael');\ncy.get('input[id=\"last_20\"]').type('Suzano');\ncy.get('input[id=\"input_19_full\"]').type('(111) 111-1111');\n//cy.get('input[id=\"input_23\"]').type('rafaelsuzano@hotmail.com')\ncy.get('input[id=\"input_21_addr_line1\"]').type('a');\ncy.get('input[id=\"input_21_addr_line2\"]').type('a');\ncy.get('input[id=\"input_21_city\"]').type('a');\ncy.get('input[id=\"input_21_state\"]').type('a');\ncy.get('input[id=\"input_21_postal\"]').type('111111111');\ncy.get('#input_2').click();\ncy.get('*[class^=\"form-line jf-required form-line-error\"]').should('be.visible');\ncy.contains('This field is require');\ncy.get('*[class^=\"error-navigation-message\"]').should('be.visible');\ncy.contains('This field is require');\ncy.screenshot();",
              "err": {},
              "uuid": "c9d9825c-f062-411d-9f94-8cac8f2f2b0a",
              "parentUUID": "0e8a6b17-8314-4ad7-bfdc-0237f22e6580",
              "isHook": false,
              "skipped": false
            },
            {
              "title": "Campo Obrigatório nome",
              "fullTitle": "Demo Cypress Campo Obrigatório nome",
              "timedOut": null,
              "duration": 4522,
              "state": "passed",
              "speed": "fast",
              "pass": true,
              "fail": false,
              "pending": false,
              "context": "{\n  \"title\": \"cypress-mochawesome-reporter-screenshots\",\n  \"value\": [\n    [\n      \"/FE/DemoWeb.cy.js/Demo Cypress -- Campo Obrigatório nome.png\"\n    ]\n  ]\n}",
              "code": "cy.visit('https://form.jotform.com/231692676005660');\n// cy.get('input[id=\"first_20\"]').type('rafael')\ncy.get('input[id=\"last_20\"]').type('Suzano');\ncy.get('input[id=\"input_19_full\"]').type('(111) 111-1111');\ncy.get('input[id=\"input_23\"]').type('rafaelsuzano@hotmail.com');\ncy.get('input[id=\"input_21_addr_line1\"]').type('a');\ncy.get('input[id=\"input_21_addr_line2\"]').type('a');\ncy.get('input[id=\"input_21_city\"]').type('a');\ncy.get('input[id=\"input_21_state\"]').type('a');\ncy.get('input[id=\"input_21_postal\"]').type('111111111');\ncy.get('#input_2').click();\ncy.get('*[class^=\"form-line jf-required form-line-error\"]').should('be.visible');\ncy.contains('This field is require');\ncy.screenshot();",
              "err": {},
              "uuid": "7c0f2d9c-2329-42b4-85be-4838c281e0d9",
              "parentUUID": "0e8a6b17-8314-4ad7-bfdc-0237f22e6580",
              "isHook": false,
              "skipped": false
            }
          ],
          "suites": [],
          "passes": [
            "e4a8d469-d005-4283-bc2d-8bf1d4905b9c",
            "c9d9825c-f062-411d-9f94-8cac8f2f2b0a",
            "7c0f2d9c-2329-42b4-85be-4838c281e0d9"
          ],
          "failures": [],
          "pending": [],
          "skipped": [],
          "duration": 13691,
          "root": false,
          "rootEmpty": false,
          "_timeout": 2000
        }
      ],
      "passes": [],
      "failures": [],
      "pending": [],
      "skipped": [],
      "duration": 0,
      "root": true,
      "rootEmpty": true,
      "_timeout": 2000
    },
    {
      "uuid": "d8dbf5c9-f409-4230-ac09-e5963f1b6b28",
      "title": "",
      "fullFile": "cypress/e2e/BE/DemoApi.cy.js",
      "file": "cypress/e2e/BE/DemoApi.cy.js",
      "beforeHooks": [],
      "afterHooks": [],
      "tests": [],
      "suites": [
        {
          "uuid": "4edcb411-a3da-40d6-bd40-7057a151024d",
          "title": "Demo API",
          "fullFile": "",
          "file": "",
          "beforeHooks": [],
          "afterHooks": [],
          "tests": [
            {
              "title": "API",
              "fullTitle": "Demo API API",
              "timedOut": null,
              "duration": 172,
              "state": "passed",
              "speed": "fast",
              "pass": true,
              "fail": false,
              "pending": false,
              "context": null,
              "code": "cy.api({\n  url: 'https://jsonplaceholder.typicode.com/todos/1'\n}).then(Response => {\n  expect(Response.status).to.eq(200);\n  cy.log(JSON.stringify(Response.body));\n});",
              "err": {},
              "uuid": "b716335f-17b4-430b-be58-5a503edcdae9",
              "parentUUID": "4edcb411-a3da-40d6-bd40-7057a151024d",
              "isHook": false,
              "skipped": false
            }
          ],
          "suites": [],
          "passes": [
            "b716335f-17b4-430b-be58-5a503edcdae9"
          ],
          "failures": [],
          "pending": [],
          "skipped": [],
          "duration": 172,
          "root": false,
          "rootEmpty": false,
          "_timeout": 2000
        }
      ],
      "passes": [],
      "failures": [],
      "pending": [],
      "skipped": [],
      "duration": 0,
      "root": true,
      "rootEmpty": true,
      "_timeout": 2000
    },
    {
      "uuid": "5dfd7533-b72a-4fb9-9421-77f1018daf2a",
      "title": "",
      "fullFile": "cypress/e2e/FE/DemoWeb.cy.js",
      "file": "cypress/e2e/FE/DemoWeb.cy.js",
      "beforeHooks": [],
      "afterHooks": [],
      "tests": [],
      "suites": [
        {
          "uuid": "a432328b-ffc7-4e2f-a516-3b97ffa96573",
          "title": "Demo Cypress",
          "fullFile": "",
          "file": "",
          "beforeHooks": [],
          "afterHooks": [],
          "tests": [
            {
              "title": "Fluxo Principal",
              "fullTitle": "Demo Cypress Fluxo Principal",
              "timedOut": null,
              "duration": 6237,
              "state": "passed",
              "speed": "medium",
              "pass": true,
              "fail": false,
              "pending": false,
              "context": "[\n  {\n    \"title\": \"cypress-mochawesome-reporter-screenshots\",\n    \"value\": [\n      [\n        \"/FE/DemoWeb.cy.js/Demo Cypress -- Fluxo Principal.png\"\n      ]\n    ]\n  },\n  \"Mensagem de Teste\"\n]",
              "code": "cy.visit('https://form.jotform.com/231692676005660');\ncy.get('input[id=\"first_20\"]').type('rafael');\ncy.get('input[id=\"last_20\"]').type('Suzano');\ncy.get('input[id=\"input_19_full\"]').type('(111) 111-1111');\ncy.get('input[id=\"input_23\"]').type('rafaelsuzano@hotmail.com');\ncy.get('input[id=\"input_21_addr_line1\"]').type('a');\ncy.get('input[id=\"input_21_addr_line2\"]').type('a');\ncy.get('input[id=\"input_21_city\"]').type('a');\ncy.get('input[id=\"input_21_state\"]').type('a');\ncy.get('input[id=\"input_21_postal\"]').type('111111111');\ncy.get('#input_2').click();\ncy.get('*[class^=\"thankyou-sub-text ty-text\"]').should('be.visible');\ncy.contains('Thank You!');\ncy.addTestContext('Mensagem de Teste');\ncy.screenshot();",
              "err": {},
              "uuid": "e0111e87-eb72-4db9-89da-8794007eb468",
              "parentUUID": "a432328b-ffc7-4e2f-a516-3b97ffa96573",
              "isHook": false,
              "skipped": false
            },
            {
              "title": "Campo Obrigatório Email",
              "fullTitle": "Demo Cypress Campo Obrigatório Email",
              "timedOut": null,
              "duration": 3962,
              "state": "passed",
              "speed": "fast",
              "pass": true,
              "fail": false,
              "pending": false,
              "context": "{\n  \"title\": \"cypress-mochawesome-reporter-screenshots\",\n  \"value\": [\n    [\n      \"/FE/DemoWeb.cy.js/Demo Cypress -- Campo Obrigatório Email.png\"\n    ]\n  ]\n}",
              "code": "cy.visit('https://form.jotform.com/231692676005660');\ncy.get('input[id=\"first_20\"]').type('rafael');\ncy.get('input[id=\"last_20\"]').type('Suzano');\ncy.get('input[id=\"input_19_full\"]').type('(111) 111-1111');\n//cy.get('input[id=\"input_23\"]').type('rafaelsuzano@hotmail.com')\ncy.get('input[id=\"input_21_addr_line1\"]').type('a');\ncy.get('input[id=\"input_21_addr_line2\"]').type('a');\ncy.get('input[id=\"input_21_city\"]').type('a');\ncy.get('input[id=\"input_21_state\"]').type('a');\ncy.get('input[id=\"input_21_postal\"]').type('111111111');\ncy.get('#input_2').click();\ncy.get('*[class^=\"form-line jf-required form-line-error\"]').should('be.visible');\ncy.contains('This field is require');\ncy.get('*[class^=\"error-navigation-message\"]').should('be.visible');\ncy.contains('This field is require');\ncy.screenshot();",
              "err": {},
              "uuid": "e8f7af7b-e079-4e8c-af3a-69d53048b9b4",
              "parentUUID": "a432328b-ffc7-4e2f-a516-3b97ffa96573",
              "isHook": false,
              "skipped": false
            },
            {
              "title": "Campo Obrigatório nome",
              "fullTitle": "Demo Cypress Campo Obrigatório nome",
              "timedOut": null,
              "duration": 4144,
              "state": "passed",
              "speed": "fast",
              "pass": true,
              "fail": false,
              "pending": false,
              "context": "{\n  \"title\": \"cypress-mochawesome-reporter-screenshots\",\n  \"value\": [\n    [\n      \"/FE/DemoWeb.cy.js/Demo Cypress -- Campo Obrigatório nome.png\"\n    ]\n  ]\n}",
              "code": "cy.visit('https://form.jotform.com/231692676005660');\n// cy.get('input[id=\"first_20\"]').type('rafael')\ncy.get('input[id=\"last_20\"]').type('Suzano');\ncy.get('input[id=\"input_19_full\"]').type('(111) 111-1111');\ncy.get('input[id=\"input_23\"]').type('rafaelsuzano@hotmail.com');\ncy.get('input[id=\"input_21_addr_line1\"]').type('a');\ncy.get('input[id=\"input_21_addr_line2\"]').type('a');\ncy.get('input[id=\"input_21_city\"]').type('a');\ncy.get('input[id=\"input_21_state\"]').type('a');\ncy.get('input[id=\"input_21_postal\"]').type('111111111');\ncy.get('#input_2').click();\ncy.get('*[class^=\"form-line jf-required form-line-error\"]').should('be.visible');\ncy.contains('This field is require');\ncy.screenshot();",
              "err": {},
              "uuid": "7b12d0bb-677c-4763-8897-1c4599a71942",
              "parentUUID": "a432328b-ffc7-4e2f-a516-3b97ffa96573",
              "isHook": false,
              "skipped": false
            }
          ],
          "suites": [],
          "passes": [
            "e0111e87-eb72-4db9-89da-8794007eb468",
            "e8f7af7b-e079-4e8c-af3a-69d53048b9b4",
            "7b12d0bb-677c-4763-8897-1c4599a71942"
          ],
          "failures": [],
          "pending": [],
          "skipped": [],
          "duration": 14343,
          "root": false,
          "rootEmpty": false,
          "_timeout": 2000
        }
      ],
      "passes": [],
      "failures": [],
      "pending": [],
      "skipped": [],
      "duration": 0,
      "root": true,
      "rootEmpty": true,
      "_timeout": 2000
    },
    {
      "uuid": "77f2897a-cf57-4585-96fd-5ed727c4295b",
      "title": "",
      "fullFile": "cypress/e2e/BE/DemoApi.cy.js",
      "file": "cypress/e2e/BE/DemoApi.cy.js",
      "beforeHooks": [],
      "afterHooks": [],
      "tests": [],
      "suites": [
        {
          "uuid": "47ed811e-2825-455e-a713-d96167cb3d4c",
          "title": "Demo API",
          "fullFile": "",
          "file": "",
          "beforeHooks": [],
          "afterHooks": [],
          "tests": [
            {
              "title": "API",
              "fullTitle": "Demo API API",
              "timedOut": null,
              "duration": 197,
              "state": "passed",
              "speed": "fast",
              "pass": true,
              "fail": false,
              "pending": false,
              "context": null,
              "code": "cy.api({\n  url: 'https://jsonplaceholder.typicode.com/todos/1'\n}).then(Response => {\n  expect(Response.status).to.eq(200);\n  cy.log(JSON.stringify(Response.body));\n});",
              "err": {},
              "uuid": "b7711e19-02e0-4655-a2a3-e03edf43609b",
              "parentUUID": "47ed811e-2825-455e-a713-d96167cb3d4c",
              "isHook": false,
              "skipped": false
            }
          ],
          "suites": [],
          "passes": [
            "b7711e19-02e0-4655-a2a3-e03edf43609b"
          ],
          "failures": [],
          "pending": [],
          "skipped": [],
          "duration": 197,
          "root": false,
          "rootEmpty": false,
          "_timeout": 2000
        }
      ],
      "passes": [],
      "failures": [],
      "pending": [],
      "skipped": [],
      "duration": 0,
      "root": true,
      "rootEmpty": true,
      "_timeout": 2000
    },
    {
      "uuid": "7883b07b-bc14-4a8e-8341-86e616f250d2",
      "title": "",
      "fullFile": "cypress/e2e/FE/DemoWeb.cy.js",
      "file": "cypress/e2e/FE/DemoWeb.cy.js",
      "beforeHooks": [],
      "afterHooks": [],
      "tests": [],
      "suites": [
        {
          "uuid": "cff693fa-b3c8-4cd9-b319-f27aac983c1d",
          "title": "Demo Cypress",
          "fullFile": "",
          "file": "",
          "beforeHooks": [],
          "afterHooks": [],
          "tests": [
            {
              "title": "Fluxo Principal",
              "fullTitle": "Demo Cypress Fluxo Principal",
              "timedOut": null,
              "duration": 5449,
              "state": "passed",
              "speed": "medium",
              "pass": true,
              "fail": false,
              "pending": false,
              "context": "[\n  {\n    \"title\": \"cypress-mochawesome-reporter-screenshots\",\n    \"value\": [\n      [\n        \"/FE/DemoWeb.cy.js/Demo Cypress -- Fluxo Principal.png\"\n      ]\n    ]\n  },\n  \"Mensagem de Teste\"\n]",
              "code": "cy.visit('https://form.jotform.com/231692676005660');\ncy.get('input[id=\"first_20\"]').type('rafael');\ncy.get('input[id=\"last_20\"]').type('Suzano');\ncy.get('input[id=\"input_19_full\"]').type('(111) 111-1111');\ncy.get('input[id=\"input_23\"]').type('rafaelsuzano@hotmail.com');\ncy.get('input[id=\"input_21_addr_line1\"]').type('a');\ncy.get('input[id=\"input_21_addr_line2\"]').type('a');\ncy.get('input[id=\"input_21_city\"]').type('a');\ncy.get('input[id=\"input_21_state\"]').type('a');\ncy.get('input[id=\"input_21_postal\"]').type('111111111');\ncy.get('#input_2').click();\ncy.get('*[class^=\"thankyou-sub-text ty-text\"]').should('be.visible');\ncy.contains('Thank You!');\ncy.addTestContext('Mensagem de Teste');\ncy.screenshot();",
              "err": {},
              "uuid": "dc2ad9bf-9c73-4872-977e-4a3257378ef8",
              "parentUUID": "cff693fa-b3c8-4cd9-b319-f27aac983c1d",
              "isHook": false,
              "skipped": false
            },
            {
              "title": "Campo Obrigatório Email",
              "fullTitle": "Demo Cypress Campo Obrigatório Email",
              "timedOut": null,
              "duration": 4862,
              "state": "passed",
              "speed": "fast",
              "pass": true,
              "fail": false,
              "pending": false,
              "context": "{\n  \"title\": \"cypress-mochawesome-reporter-screenshots\",\n  \"value\": [\n    [\n      \"/FE/DemoWeb.cy.js/Demo Cypress -- Campo Obrigatório Email.png\"\n    ]\n  ]\n}",
              "code": "cy.visit('https://form.jotform.com/231692676005660');\ncy.get('input[id=\"first_20\"]').type('rafael');\ncy.get('input[id=\"last_20\"]').type('Suzano');\ncy.get('input[id=\"input_19_full\"]').type('(111) 111-1111');\n//cy.get('input[id=\"input_23\"]').type('rafaelsuzano@hotmail.com')\ncy.get('input[id=\"input_21_addr_line1\"]').type('a');\ncy.get('input[id=\"input_21_addr_line2\"]').type('a');\ncy.get('input[id=\"input_21_city\"]').type('a');\ncy.get('input[id=\"input_21_state\"]').type('a');\ncy.get('input[id=\"input_21_postal\"]').type('111111111');\ncy.get('#input_2').click();\ncy.get('*[class^=\"form-line jf-required form-line-error\"]').should('be.visible');\ncy.contains('This field is require');\ncy.get('*[class^=\"error-navigation-message\"]').should('be.visible');\ncy.contains('This field is require');\ncy.screenshot();",
              "err": {},
              "uuid": "c6ee173f-b1b2-4799-8f9b-1aa6e684286d",
              "parentUUID": "cff693fa-b3c8-4cd9-b319-f27aac983c1d",
              "isHook": false,
              "skipped": false
            },
            {
              "title": "Campo Obrigatório nome",
              "fullTitle": "Demo Cypress Campo Obrigatório nome",
              "timedOut": null,
              "duration": 4855,
              "state": "passed",
              "speed": "fast",
              "pass": true,
              "fail": false,
              "pending": false,
              "context": "{\n  \"title\": \"cypress-mochawesome-reporter-screenshots\",\n  \"value\": [\n    [\n      \"/FE/DemoWeb.cy.js/Demo Cypress -- Campo Obrigatório nome.png\"\n    ]\n  ]\n}",
              "code": "cy.visit('https://form.jotform.com/231692676005660');\n// cy.get('input[id=\"first_20\"]').type('rafael')\ncy.get('input[id=\"last_20\"]').type('Suzano');\ncy.get('input[id=\"input_19_full\"]').type('(111) 111-1111');\ncy.get('input[id=\"input_23\"]').type('rafaelsuzano@hotmail.com');\ncy.get('input[id=\"input_21_addr_line1\"]').type('a');\ncy.get('input[id=\"input_21_addr_line2\"]').type('a');\ncy.get('input[id=\"input_21_city\"]').type('a');\ncy.get('input[id=\"input_21_state\"]').type('a');\ncy.get('input[id=\"input_21_postal\"]').type('111111111');\ncy.get('#input_2').click();\ncy.get('*[class^=\"form-line jf-required form-line-error\"]').should('be.visible');\ncy.contains('This field is require');\ncy.screenshot();",
              "err": {},
              "uuid": "7a780c03-b231-457d-86f3-4b8173e35bf8",
              "parentUUID": "cff693fa-b3c8-4cd9-b319-f27aac983c1d",
              "isHook": false,
              "skipped": false
            }
          ],
          "suites": [],
          "passes": [
            "dc2ad9bf-9c73-4872-977e-4a3257378ef8",
            "c6ee173f-b1b2-4799-8f9b-1aa6e684286d",
            "7a780c03-b231-457d-86f3-4b8173e35bf8"
          ],
          "failures": [],
          "pending": [],
          "skipped": [],
          "duration": 15166,
          "root": false,
          "rootEmpty": false,
          "_timeout": 2000
        }
      ],
      "passes": [],
      "failures": [],
      "pending": [],
      "skipped": [],
      "duration": 0,
      "root": true,
      "rootEmpty": true,
      "_timeout": 2000
    }
  ],
  "meta": {
    "mocha": {
      "version": "7.0.1"
    },
    "mochawesome": {
      "options": {
        "quiet": false,
        "reportFilename": "mochawesome",
        "saveHtml": false,
        "saveJson": true,
        "consoleReporter": "spec",
        "useInlineDiffs": false,
        "code": true
      },
      "version": "7.1.3"
    },
    "marge": {
      "options": {
        "reportDir": "cypress/reports",
        "overwrite": false,
        "html": false,
        "json": true
      },
      "version": "6.2.0"
    }
  }
}