{
  "stats": {
    "suites": 1,
    "tests": 1,
    "passes": 1,
    "pending": 0,
    "failures": 0,
    "start": "2025-03-18T23:28:38.692Z",
    "end": "2025-03-18T23:28:38.935Z",
    "duration": 243,
    "testsRegistered": 1,
    "passPercent": 100,
    "pendingPercent": 0,
    "other": 0,
    "hasOther": false,
    "skipped": 0,
    "hasSkipped": false
  },
  "results": [
    {
      "uuid": "77f2897a-cf57-4585-96fd-5ed727c4295b",
      "title": "",
      "fullFile": "cypress/e2e/BE/DemoApi.cy.js",
      "file": "cypress/e2e/BE/DemoApi.cy.js",
      "beforeHooks": [],
      "afterHooks": [],
      "tests": [],
      "suites": [
        {
          "uuid": "47ed811e-2825-455e-a713-d96167cb3d4c",
          "title": "Demo API",
          "fullFile": "",
          "file": "",
          "beforeHooks": [],
          "afterHooks": [],
          "tests": [
            {
              "title": "API",
              "fullTitle": "Demo API API",
              "timedOut": null,
              "duration": 197,
              "state": "passed",
              "speed": "fast",
              "pass": true,
              "fail": false,
              "pending": false,
              "context": null,
              "code": "cy.api({\n  url: 'https://jsonplaceholder.typicode.com/todos/1'\n}).then(Response => {\n  expect(Response.status).to.eq(200);\n  cy.log(JSON.stringify(Response.body));\n});",
              "err": {},
              "uuid": "b7711e19-02e0-4655-a2a3-e03edf43609b",
              "parentUUID": "47ed811e-2825-455e-a713-d96167cb3d4c",
              "isHook": false,
              "skipped": false
            }
          ],
          "suites": [],
          "passes": [
            "b7711e19-02e0-4655-a2a3-e03edf43609b"
          ],
          "failures": [],
          "pending": [],
          "skipped": [],
          "duration": 197,
          "root": false,
          "rootEmpty": false,
          "_timeout": 2000
        }
      ],
      "passes": [],
      "failures": [],
      "pending": [],
      "skipped": [],
      "duration": 0,
      "root": true,
      "rootEmpty": true,
      "_timeout": 2000
    }
  ],
  "meta": {
    "mocha": {
      "version": "7.0.1"
    },
    "mochawesome": {
      "options": {
        "quiet": false,
        "reportFilename": "mochawesome",
        "saveHtml": false,
        "saveJson": true,
        "consoleReporter": "spec",
        "useInlineDiffs": false,
        "code": true
      },
      "version": "7.1.3"
    },
    "marge": {
      "options": {
        "reportDir": "cypress/reports",
        "overwrite": false,
        "html": false,
        "json": true
      },
      "version": "6.2.0"
    }
  }
}