{
  "stats": {
    "suites": 1,
    "tests": 1,
    "passes": 1,
    "pending": 0,
    "failures": 0,
    "start": "2025-03-17T17:56:03.542Z",
    "end": "2025-03-17T17:56:03.742Z",
    "duration": 200,
    "testsRegistered": 1,
    "passPercent": 100,
    "pendingPercent": 0,
    "other": 0,
    "hasOther": false,
    "skipped": 0,
    "hasSkipped": false
  },
  "results": [
    {
      "uuid": "fec4eec5-c552-45c5-99a4-35fe15114dc1",
      "title": "",
      "fullFile": "cypress/e2e/BE/DemoApi.cy.js",
      "file": "cypress/e2e/BE/DemoApi.cy.js",
      "beforeHooks": [],
      "afterHooks": [],
      "tests": [],
      "suites": [
        {
          "uuid": "e493890f-8af8-4a17-b38a-c67eca5c8cf1",
          "title": "Demo API",
          "fullFile": "",
          "file": "",
          "beforeHooks": [],
          "afterHooks": [],
          "tests": [
            {
              "title": "API",
              "fullTitle": "Demo API API",
              "timedOut": null,
              "duration": 179,
              "state": "passed",
              "speed": "fast",
              "pass": true,
              "fail": false,
              "pending": false,
              "context": null,
              "code": "cy.api({\n  url: 'https://jsonplaceholder.typicode.com/todos/1'\n}).then(Response => {\n  expect(Response.status).to.eq(200);\n  cy.log(JSON.stringify(Response.body));\n});",
              "err": {},
              "uuid": "1ed036d3-4c3a-44a0-922f-9db2e79b2ec3",
              "parentUUID": "e493890f-8af8-4a17-b38a-c67eca5c8cf1",
              "isHook": false,
              "skipped": false
            }
          ],
          "suites": [],
          "passes": [
            "1ed036d3-4c3a-44a0-922f-9db2e79b2ec3"
          ],
          "failures": [],
          "pending": [],
          "skipped": [],
          "duration": 179,
          "root": false,
          "rootEmpty": false,
          "_timeout": 2000
        }
      ],
      "passes": [],
      "failures": [],
      "pending": [],
      "skipped": [],
      "duration": 0,
      "root": true,
      "rootEmpty": true,
      "_timeout": 2000
    }
  ],
  "meta": {
    "mocha": {
      "version": "7.0.1"
    },
    "mochawesome": {
      "options": {
        "quiet": false,
        "reportFilename": "mochawesome",
        "saveHtml": false,
        "saveJson": true,
        "consoleReporter": "spec",
        "useInlineDiffs": false,
        "code": true
      },
      "version": "7.1.3"
    },
    "marge": {
      "options": {
        "reportDir": "cypress/reports",
        "overwrite": false,
        "html": false,
        "json": true
      },
      "version": "6.2.0"
    }
  }
}