{
  "stats": {
    "suites": 1,
    "tests": 3,
    "passes": 3,
    "pending": 0,
    "failures": 0,
    "start": "2025-03-18T23:28:40.612Z",
    "end": "2025-03-18T23:28:57.703Z",
    "duration": 17091,
    "testsRegistered": 3,
    "passPercent": 100,
    "pendingPercent": 0,
    "other": 0,
    "hasOther": false,
    "skipped": 0,
    "hasSkipped": false
  },
  "results": [
    {
      "uuid": "7883b07b-bc14-4a8e-8341-86e616f250d2",
      "title": "",
      "fullFile": "cypress/e2e/FE/DemoWeb.cy.js",
      "file": "cypress/e2e/FE/DemoWeb.cy.js",
      "beforeHooks": [],
      "afterHooks": [],
      "tests": [],
      "suites": [
        {
          "uuid": "cff693fa-b3c8-4cd9-b319-f27aac983c1d",
          "title": "Demo Cypress",
          "fullFile": "",
          "file": "",
          "beforeHooks": [],
          "afterHooks": [],
          "tests": [
            {
              "title": "Fluxo Principal",
              "fullTitle": "Demo Cypress Fluxo Principal",
              "timedOut": null,
              "duration": 5449,
              "state": "passed",
              "speed": "medium",
              "pass": true,
              "fail": false,
              "pending": false,
              "context": "[\n  {\n    \"title\": \"cypress-mochawesome-reporter-screenshots\",\n    \"value\": [\n      [\n        \"/FE/DemoWeb.cy.js/Demo Cypress -- Fluxo Principal.png\"\n      ]\n    ]\n  },\n  \"Mensagem de Teste\"\n]",
              "code": "cy.visit('https://form.jotform.com/231692676005660');\ncy.get('input[id=\"first_20\"]').type('rafael');\ncy.get('input[id=\"last_20\"]').type('Suzano');\ncy.get('input[id=\"input_19_full\"]').type('(111) 111-1111');\ncy.get('input[id=\"input_23\"]').type('rafaelsuzano@hotmail.com');\ncy.get('input[id=\"input_21_addr_line1\"]').type('a');\ncy.get('input[id=\"input_21_addr_line2\"]').type('a');\ncy.get('input[id=\"input_21_city\"]').type('a');\ncy.get('input[id=\"input_21_state\"]').type('a');\ncy.get('input[id=\"input_21_postal\"]').type('111111111');\ncy.get('#input_2').click();\ncy.get('*[class^=\"thankyou-sub-text ty-text\"]').should('be.visible');\ncy.contains('Thank You!');\ncy.addTestContext('Mensagem de Teste');\ncy.screenshot();",
              "err": {},
              "uuid": "dc2ad9bf-9c73-4872-977e-4a3257378ef8",
              "parentUUID": "cff693fa-b3c8-4cd9-b319-f27aac983c1d",
              "isHook": false,
              "skipped": false
            },
            {
              "title": "Campo Obrigatório Email",
              "fullTitle": "Demo Cypress Campo Obrigatório Email",
              "timedOut": null,
              "duration": 4862,
              "state": "passed",
              "speed": "fast",
              "pass": true,
              "fail": false,
              "pending": false,
              "context": "{\n  \"title\": \"cypress-mochawesome-reporter-screenshots\",\n  \"value\": [\n    [\n      \"/FE/DemoWeb.cy.js/Demo Cypress -- Campo Obrigatório Email.png\"\n    ]\n  ]\n}",
              "code": "cy.visit('https://form.jotform.com/231692676005660');\ncy.get('input[id=\"first_20\"]').type('rafael');\ncy.get('input[id=\"last_20\"]').type('Suzano');\ncy.get('input[id=\"input_19_full\"]').type('(111) 111-1111');\n//cy.get('input[id=\"input_23\"]').type('rafaelsuzano@hotmail.com')\ncy.get('input[id=\"input_21_addr_line1\"]').type('a');\ncy.get('input[id=\"input_21_addr_line2\"]').type('a');\ncy.get('input[id=\"input_21_city\"]').type('a');\ncy.get('input[id=\"input_21_state\"]').type('a');\ncy.get('input[id=\"input_21_postal\"]').type('111111111');\ncy.get('#input_2').click();\ncy.get('*[class^=\"form-line jf-required form-line-error\"]').should('be.visible');\ncy.contains('This field is require');\ncy.get('*[class^=\"error-navigation-message\"]').should('be.visible');\ncy.contains('This field is require');\ncy.screenshot();",
              "err": {},
              "uuid": "c6ee173f-b1b2-4799-8f9b-1aa6e684286d",
              "parentUUID": "cff693fa-b3c8-4cd9-b319-f27aac983c1d",
              "isHook": false,
              "skipped": false
            },
            {
              "title": "Campo Obrigatório nome",
              "fullTitle": "Demo Cypress Campo Obrigatório nome",
              "timedOut": null,
              "duration": 4855,
              "state": "passed",
              "speed": "fast",
              "pass": true,
              "fail": false,
              "pending": false,
              "context": "{\n  \"title\": \"cypress-mochawesome-reporter-screenshots\",\n  \"value\": [\n    [\n      \"/FE/DemoWeb.cy.js/Demo Cypress -- Campo Obrigatório nome.png\"\n    ]\n  ]\n}",
              "code": "cy.visit('https://form.jotform.com/231692676005660');\n// cy.get('input[id=\"first_20\"]').type('rafael')\ncy.get('input[id=\"last_20\"]').type('Suzano');\ncy.get('input[id=\"input_19_full\"]').type('(111) 111-1111');\ncy.get('input[id=\"input_23\"]').type('rafaelsuzano@hotmail.com');\ncy.get('input[id=\"input_21_addr_line1\"]').type('a');\ncy.get('input[id=\"input_21_addr_line2\"]').type('a');\ncy.get('input[id=\"input_21_city\"]').type('a');\ncy.get('input[id=\"input_21_state\"]').type('a');\ncy.get('input[id=\"input_21_postal\"]').type('111111111');\ncy.get('#input_2').click();\ncy.get('*[class^=\"form-line jf-required form-line-error\"]').should('be.visible');\ncy.contains('This field is require');\ncy.screenshot();",
              "err": {},
              "uuid": "7a780c03-b231-457d-86f3-4b8173e35bf8",
              "parentUUID": "cff693fa-b3c8-4cd9-b319-f27aac983c1d",
              "isHook": false,
              "skipped": false
            }
          ],
          "suites": [],
          "passes": [
            "dc2ad9bf-9c73-4872-977e-4a3257378ef8",
            "c6ee173f-b1b2-4799-8f9b-1aa6e684286d",
            "7a780c03-b231-457d-86f3-4b8173e35bf8"
          ],
          "failures": [],
          "pending": [],
          "skipped": [],
          "duration": 15166,
          "root": false,
          "rootEmpty": false,
          "_timeout": 2000
        }
      ],
      "passes": [],
      "failures": [],
      "pending": [],
      "skipped": [],
      "duration": 0,
      "root": true,
      "rootEmpty": true,
      "_timeout": 2000
    }
  ],
  "meta": {
    "mocha": {
      "version": "7.0.1"
    },
    "mochawesome": {
      "options": {
        "quiet": false,
        "reportFilename": "mochawesome",
        "saveHtml": false,
        "saveJson": true,
        "consoleReporter": "spec",
        "useInlineDiffs": false,
        "code": true
      },
      "version": "7.1.3"
    },
    "marge": {
      "options": {
        "reportDir": "cypress/reports",
        "overwrite": false,
        "html": false,
        "json": true
      },
      "version": "6.2.0"
    }
  }
}